<?xml version="1.0" encoding="UTF-8"?>
<testsuite xmlns:xsi="http://www.w3.org/2001/XMLSchema-instance" xsi:noNamespaceSchemaLocation="https://maven.apache.org/surefire/maven-surefire-plugin/xsd/surefire-test-report-3.0.xsd" version="3.0" name="com.ega.SpringWS.SpringWsApplicationTests" time="3.332" tests="1" errors="0" skipped="0" failures="0">
  <properties>
    <property name="java.specification.version" value="21"/>
    <property name="sun.jnu.encoding" value="UTF-8"/>
    <property name="java.class.path" value="/home/parallels/IdeaProjects/SpringWS/target/test-classes:/home/parallels/IdeaProjects/SpringWS/target/classes:/home/parallels/.m2/repository/org/springframework/boot/spring-boot-starter-web/3.1.11/spring-boot-starter-web-3.1.11.jar:/home/parallels/.m2/repository/org/springframework/boot/spring-boot-starter/3.1.11/spring-boot-starter-3.1.11.jar:/home/parallels/.m2/repository/org/springframework/boot/spring-boot/3.1.11/spring-boot-3.1.11.jar:/home/parallels/.m2/repository/org/springframework/boot/spring-boot-autoconfigure/3.1.11/spring-boot-autoconfigure-3.1.11.jar:/home/parallels/.m2/repository/org/springframework/boot/spring-boot-starter-logging/3.1.11/spring-boot-starter-logging-3.1.11.jar:/home/parallels/.m2/repository/ch/qos/logback/logback-classic/1.4.14/logback-classic-1.4.14.jar:/home/parallels/.m2/repository/ch/qos/logback/logback-core/1.4.14/logback-core-1.4.14.jar:/home/parallels/.m2/repository/org/apache/logging/log4j/log4j-to-slf4j/2.20.0/log4j-to-slf4j-2.20.0.jar:/home/parallels/.m2/repository/org/apache/logging/log4j/log4j-api/2.20.0/log4j-api-2.20.0.jar:/home/parallels/.m2/repository/org/slf4j/jul-to-slf4j/2.0.13/jul-to-slf4j-2.0.13.jar:/home/parallels/.m2/repository/jakarta/annotation/jakarta.annotation-api/2.1.1/jakarta.annotation-api-2.1.1.jar:/home/parallels/.m2/repository/org/yaml/snakeyaml/1.33/snakeyaml-1.33.jar:/home/parallels/.m2/repository/org/springframework/boot/spring-boot-starter-json/3.1.11/spring-boot-starter-json-3.1.11.jar:/home/parallels/.m2/repository/com/fasterxml/jackson/core/jackson-databind/2.15.4/jackson-databind-2.15.4.jar:/home/parallels/.m2/repository/com/fasterxml/jackson/core/jackson-annotations/2.15.4/jackson-annotations-2.15.4.jar:/home/parallels/.m2/repository/com/fasterxml/jackson/core/jackson-core/2.15.4/jackson-core-2.15.4.jar:/home/parallels/.m2/repository/com/fasterxml/jackson/datatype/jackson-datatype-jdk8/2.15.4/jackson-datatype-jdk8-2.15.4.jar:/home/parallels/.m2/repository/com/fasterxml/jackson/datatype/jackson-datatype-jsr310/2.15.4/jackson-datatype-jsr310-2.15.4.jar:/home/parallels/.m2/repository/com/fasterxml/jackson/module/jackson-module-parameter-names/2.15.4/jackson-module-parameter-names-2.15.4.jar:/home/parallels/.m2/repository/org/springframework/boot/spring-boot-starter-tomcat/3.1.11/spring-boot-starter-tomcat-3.1.11.jar:/home/parallels/.m2/repository/org/apache/tomcat/embed/tomcat-embed-core/10.1.20/tomcat-embed-core-10.1.20.jar:/home/parallels/.m2/repository/org/apache/tomcat/embed/tomcat-embed-el/10.1.20/tomcat-embed-el-10.1.20.jar:/home/parallels/.m2/repository/org/apache/tomcat/embed/tomcat-embed-websocket/10.1.20/tomcat-embed-websocket-10.1.20.jar:/home/parallels/.m2/repository/org/springframework/spring-web/6.0.19/spring-web-6.0.19.jar:/home/parallels/.m2/repository/org/springframework/spring-beans/6.0.19/spring-beans-6.0.19.jar:/home/parallels/.m2/repository/io/micrometer/micrometer-observation/1.11.11/micrometer-observation-1.11.11.jar:/home/parallels/.m2/repository/io/micrometer/micrometer-commons/1.11.11/micrometer-commons-1.11.11.jar:/home/parallels/.m2/repository/org/springframework/spring-webmvc/6.0.19/spring-webmvc-6.0.19.jar:/home/parallels/.m2/repository/org/springframework/spring-aop/6.0.19/spring-aop-6.0.19.jar:/home/parallels/.m2/repository/org/springframework/spring-context/6.0.19/spring-context-6.0.19.jar:/home/parallels/.m2/repository/org/springframework/spring-expression/6.0.19/spring-expression-6.0.19.jar:/home/parallels/.m2/repository/org/projectlombok/lombok/1.18.30/lombok-1.18.30.jar:/home/parallels/.m2/repository/org/springdoc/springdoc-openapi-starter-webmvc-ui/2.0.3/springdoc-openapi-starter-webmvc-ui-2.0.3.jar:/home/parallels/.m2/repository/org/springdoc/springdoc-openapi-starter-webmvc-api/2.0.3/springdoc-openapi-starter-webmvc-api-2.0.3.jar:/home/parallels/.m2/repository/org/springdoc/springdoc-openapi-starter-common/2.0.3/springdoc-openapi-starter-common-2.0.3.jar:/home/parallels/.m2/repository/io/swagger/core/v3/swagger-core-jakarta/2.2.8/swagger-core-jakarta-2.2.8.jar:/home/parallels/.m2/repository/org/apache/commons/commons-lang3/3.12.0/commons-lang3-3.12.0.jar:/home/parallels/.m2/repository/io/swagger/core/v3/swagger-annotations-jakarta/2.2.8/swagger-annotations-jakarta-2.2.8.jar:/home/parallels/.m2/repository/io/swagger/core/v3/swagger-models-jakarta/2.2.8/swagger-models-jakarta-2.2.8.jar:/home/parallels/.m2/repository/jakarta/validation/jakarta.validation-api/3.0.2/jakarta.validation-api-3.0.2.jar:/home/parallels/.m2/repository/com/fasterxml/jackson/dataformat/jackson-dataformat-yaml/2.15.4/jackson-dataformat-yaml-2.15.4.jar:/home/parallels/.m2/repository/org/webjars/swagger-ui/4.17.1/swagger-ui-4.17.1.jar:/home/parallels/.m2/repository/org/webjars/webjars-locator-core/0.52/webjars-locator-core-0.52.jar:/home/parallels/.m2/repository/org/slf4j/slf4j-api/2.0.13/slf4j-api-2.0.13.jar:/home/parallels/.m2/repository/io/github/classgraph/classgraph/4.8.149/classgraph-4.8.149.jar:/home/parallels/.m2/repository/org/springframework/boot/spring-boot-starter-test/3.1.11/spring-boot-starter-test-3.1.11.jar:/home/parallels/.m2/repository/org/springframework/boot/spring-boot-test/3.1.11/spring-boot-test-3.1.11.jar:/home/parallels/.m2/repository/org/springframework/boot/spring-boot-test-autoconfigure/3.1.11/spring-boot-test-autoconfigure-3.1.11.jar:/home/parallels/.m2/repository/com/jayway/jsonpath/json-path/2.9.0/json-path-2.9.0.jar:/home/parallels/.m2/repository/jakarta/xml/bind/jakarta.xml.bind-api/4.0.2/jakarta.xml.bind-api-4.0.2.jar:/home/parallels/.m2/repository/jakarta/activation/jakarta.activation-api/2.1.3/jakarta.activation-api-2.1.3.jar:/home/parallels/.m2/repository/net/minidev/json-smart/2.4.11/json-smart-2.4.11.jar:/home/parallels/.m2/repository/net/minidev/accessors-smart/2.4.11/accessors-smart-2.4.11.jar:/home/parallels/.m2/repository/org/ow2/asm/asm/9.3/asm-9.3.jar:/home/parallels/.m2/repository/org/assertj/assertj-core/3.24.2/assertj-core-3.24.2.jar:/home/parallels/.m2/repository/net/bytebuddy/byte-buddy/1.14.13/byte-buddy-1.14.13.jar:/home/parallels/.m2/repository/org/hamcrest/hamcrest/2.2/hamcrest-2.2.jar:/home/parallels/.m2/repository/org/junit/jupiter/junit-jupiter/5.9.3/junit-jupiter-5.9.3.jar:/home/parallels/.m2/repository/org/junit/jupiter/junit-jupiter-api/5.9.3/junit-jupiter-api-5.9.3.jar:/home/parallels/.m2/repository/org/opentest4j/opentest4j/1.2.0/opentest4j-1.2.0.jar:/home/parallels/.m2/repository/org/junit/platform/junit-platform-commons/1.9.3/junit-platform-commons-1.9.3.jar:/home/parallels/.m2/repository/org/apiguardian/apiguardian-api/1.1.2/apiguardian-api-1.1.2.jar:/home/parallels/.m2/repository/org/junit/jupiter/junit-jupiter-params/5.9.3/junit-jupiter-params-5.9.3.jar:/home/parallels/.m2/repository/org/junit/jupiter/junit-jupiter-engine/5.9.3/junit-jupiter-engine-5.9.3.jar:/home/parallels/.m2/repository/org/junit/platform/junit-platform-engine/1.9.3/junit-platform-engine-1.9.3.jar:/home/parallels/.m2/repository/org/mockito/mockito-core/5.3.1/mockito-core-5.3.1.jar:/home/parallels/.m2/repository/net/bytebuddy/byte-buddy-agent/1.14.13/byte-buddy-agent-1.14.13.jar:/home/parallels/.m2/repository/org/objenesis/objenesis/3.3/objenesis-3.3.jar:/home/parallels/.m2/repository/org/mockito/mockito-junit-jupiter/5.3.1/mockito-junit-jupiter-5.3.1.jar:/home/parallels/.m2/repository/org/skyscreamer/jsonassert/1.5.1/jsonassert-1.5.1.jar:/home/parallels/.m2/repository/com/vaadin/external/google/android-json/0.0.20131108.vaadin1/android-json-0.0.20131108.vaadin1.jar:/home/parallels/.m2/repository/org/springframework/spring-core/6.0.19/spring-core-6.0.19.jar:/home/parallels/.m2/repository/org/springframework/spring-jcl/6.0.19/spring-jcl-6.0.19.jar:/home/parallels/.m2/repository/org/springframework/spring-test/6.0.19/spring-test-6.0.19.jar:/home/parallels/.m2/repository/org/xmlunit/xmlunit-core/2.9.1/xmlunit-core-2.9.1.jar:/home/parallels/.m2/repository/org/postgresql/postgresql/42.6.2/postgresql-42.6.2.jar:/home/parallels/.m2/repository/org/checkerframework/checker-qual/3.31.0/checker-qual-3.31.0.jar:/home/parallels/.m2/repository/org/springframework/boot/spring-boot-starter-data-jpa/3.1.11/spring-boot-starter-data-jpa-3.1.11.jar:/home/parallels/.m2/repository/org/springframework/boot/spring-boot-starter-aop/3.1.11/spring-boot-starter-aop-3.1.11.jar:/home/parallels/.m2/repository/org/aspectj/aspectjweaver/1.9.22/aspectjweaver-1.9.22.jar:/home/parallels/.m2/repository/org/springframework/boot/spring-boot-starter-jdbc/3.1.11/spring-boot-starter-jdbc-3.1.11.jar:/home/parallels/.m2/repository/com/zaxxer/HikariCP/5.0.1/HikariCP-5.0.1.jar:/home/parallels/.m2/repository/org/springframework/spring-jdbc/6.0.19/spring-jdbc-6.0.19.jar:/home/parallels/.m2/repository/org/hibernate/orm/hibernate-core/6.2.24.Final/hibernate-core-6.2.24.Final.jar:/home/parallels/.m2/repository/jakarta/persistence/jakarta.persistence-api/3.1.0/jakarta.persistence-api-3.1.0.jar:/home/parallels/.m2/repository/jakarta/transaction/jakarta.transaction-api/2.0.1/jakarta.transaction-api-2.0.1.jar:/home/parallels/.m2/repository/org/jboss/logging/jboss-logging/3.5.3.Final/jboss-logging-3.5.3.Final.jar:/home/parallels/.m2/repository/org/hibernate/common/hibernate-commons-annotations/6.0.6.Final/hibernate-commons-annotations-6.0.6.Final.jar:/home/parallels/.m2/repository/io/smallrye/jandex/3.0.5/jandex-3.0.5.jar:/home/parallels/.m2/repository/com/fasterxml/classmate/1.5.1/classmate-1.5.1.jar:/home/parallels/.m2/repository/org/glassfish/jaxb/jaxb-runtime/4.0.5/jaxb-runtime-4.0.5.jar:/home/parallels/.m2/repository/org/glassfish/jaxb/jaxb-core/4.0.5/jaxb-core-4.0.5.jar:/home/parallels/.m2/repository/org/eclipse/angus/angus-activation/2.0.2/angus-activation-2.0.2.jar:/home/parallels/.m2/repository/org/glassfish/jaxb/txw2/4.0.5/txw2-4.0.5.jar:/home/parallels/.m2/repository/com/sun/istack/istack-commons-runtime/4.1.2/istack-commons-runtime-4.1.2.jar:/home/parallels/.m2/repository/jakarta/inject/jakarta.inject-api/2.0.1/jakarta.inject-api-2.0.1.jar:/home/parallels/.m2/repository/org/antlr/antlr4-runtime/4.10.1/antlr4-runtime-4.10.1.jar:/home/parallels/.m2/repository/org/springframework/data/spring-data-jpa/3.1.11/spring-data-jpa-3.1.11.jar:/home/parallels/.m2/repository/org/springframework/data/spring-data-commons/3.1.11/spring-data-commons-3.1.11.jar:/home/parallels/.m2/repository/org/springframework/spring-orm/6.0.19/spring-orm-6.0.19.jar:/home/parallels/.m2/repository/org/springframework/spring-tx/6.0.19/spring-tx-6.0.19.jar:/home/parallels/.m2/repository/org/springframework/spring-aspects/6.0.19/spring-aspects-6.0.19.jar:/home/parallels/.m2/repository/org/json/json/20240303/json-20240303.jar:"/>
    <property name="java.vm.vendor" value="Ubuntu"/>
    <property name="sun.arch.data.model" value="64"/>
    <property name="java.vendor.url" value="https://ubuntu.com/"/>
    <property name="user.timezone" value="Europe/Berlin"/>
    <property name="org.jboss.logging.provider" value="slf4j"/>
    <property name="os.name" value="Linux"/>
    <property name="java.vm.specification.version" value="21"/>
    <property name="sun.java.launcher" value="SUN_STANDARD"/>
    <property name="sun.boot.library.path" value="/usr/lib/jvm/java-21-openjdk-arm64/lib"/>
    <property name="sun.java.command" value="/home/parallels/IdeaProjects/SpringWS/target/surefire/surefirebooter-20240612122616946_3.jar /home/parallels/IdeaProjects/SpringWS/target/surefire 2024-06-12T12-26-16_878-jvmRun1 surefire-20240612122616946_1tmp surefire_0-20240612122616946_2tmp"/>
    <property name="jdk.debug" value="release"/>
    <property name="surefire.test.class.path" value="/home/parallels/IdeaProjects/SpringWS/target/test-classes:/home/parallels/IdeaProjects/SpringWS/target/classes:/home/parallels/.m2/repository/org/springframework/boot/spring-boot-starter-web/3.1.11/spring-boot-starter-web-3.1.11.jar:/home/parallels/.m2/repository/org/springframework/boot/spring-boot-starter/3.1.11/spring-boot-starter-3.1.11.jar:/home/parallels/.m2/repository/org/springframework/boot/spring-boot/3.1.11/spring-boot-3.1.11.jar:/home/parallels/.m2/repository/org/springframework/boot/spring-boot-autoconfigure/3.1.11/spring-boot-autoconfigure-3.1.11.jar:/home/parallels/.m2/repository/org/springframework/boot/spring-boot-starter-logging/3.1.11/spring-boot-starter-logging-3.1.11.jar:/home/parallels/.m2/repository/ch/qos/logback/logback-classic/1.4.14/logback-classic-1.4.14.jar:/home/parallels/.m2/repository/ch/qos/logback/logback-core/1.4.14/logback-core-1.4.14.jar:/home/parallels/.m2/repository/org/apache/logging/log4j/log4j-to-slf4j/2.20.0/log4j-to-slf4j-2.20.0.jar:/home/parallels/.m2/repository/org/apache/logging/log4j/log4j-api/2.20.0/log4j-api-2.20.0.jar:/home/parallels/.m2/repository/org/slf4j/jul-to-slf4j/2.0.13/jul-to-slf4j-2.0.13.jar:/home/parallels/.m2/repository/jakarta/annotation/jakarta.annotation-api/2.1.1/jakarta.annotation-api-2.1.1.jar:/home/parallels/.m2/repository/org/yaml/snakeyaml/1.33/snakeyaml-1.33.jar:/home/parallels/.m2/repository/org/springframework/boot/spring-boot-starter-json/3.1.11/spring-boot-starter-json-3.1.11.jar:/home/parallels/.m2/repository/com/fasterxml/jackson/core/jackson-databind/2.15.4/jackson-databind-2.15.4.jar:/home/parallels/.m2/repository/com/fasterxml/jackson/core/jackson-annotations/2.15.4/jackson-annotations-2.15.4.jar:/home/parallels/.m2/repository/com/fasterxml/jackson/core/jackson-core/2.15.4/jackson-core-2.15.4.jar:/home/parallels/.m2/repository/com/fasterxml/jackson/datatype/jackson-datatype-jdk8/2.15.4/jackson-datatype-jdk8-2.15.4.jar:/home/parallels/.m2/repository/com/fasterxml/jackson/datatype/jackson-datatype-jsr310/2.15.4/jackson-datatype-jsr310-2.15.4.jar:/home/parallels/.m2/repository/com/fasterxml/jackson/module/jackson-module-parameter-names/2.15.4/jackson-module-parameter-names-2.15.4.jar:/home/parallels/.m2/repository/org/springframework/boot/spring-boot-starter-tomcat/3.1.11/spring-boot-starter-tomcat-3.1.11.jar:/home/parallels/.m2/repository/org/apache/tomcat/embed/tomcat-embed-core/10.1.20/tomcat-embed-core-10.1.20.jar:/home/parallels/.m2/repository/org/apache/tomcat/embed/tomcat-embed-el/10.1.20/tomcat-embed-el-10.1.20.jar:/home/parallels/.m2/repository/org/apache/tomcat/embed/tomcat-embed-websocket/10.1.20/tomcat-embed-websocket-10.1.20.jar:/home/parallels/.m2/repository/org/springframework/spring-web/6.0.19/spring-web-6.0.19.jar:/home/parallels/.m2/repository/org/springframework/spring-beans/6.0.19/spring-beans-6.0.19.jar:/home/parallels/.m2/repository/io/micrometer/micrometer-observation/1.11.11/micrometer-observation-1.11.11.jar:/home/parallels/.m2/repository/io/micrometer/micrometer-commons/1.11.11/micrometer-commons-1.11.11.jar:/home/parallels/.m2/repository/org/springframework/spring-webmvc/6.0.19/spring-webmvc-6.0.19.jar:/home/parallels/.m2/repository/org/springframework/spring-aop/6.0.19/spring-aop-6.0.19.jar:/home/parallels/.m2/repository/org/springframework/spring-context/6.0.19/spring-context-6.0.19.jar:/home/parallels/.m2/repository/org/springframework/spring-expression/6.0.19/spring-expression-6.0.19.jar:/home/parallels/.m2/repository/org/projectlombok/lombok/1.18.30/lombok-1.18.30.jar:/home/parallels/.m2/repository/org/springdoc/springdoc-openapi-starter-webmvc-ui/2.0.3/springdoc-openapi-starter-webmvc-ui-2.0.3.jar:/home/parallels/.m2/repository/org/springdoc/springdoc-openapi-starter-webmvc-api/2.0.3/springdoc-openapi-starter-webmvc-api-2.0.3.jar:/home/parallels/.m2/repository/org/springdoc/springdoc-openapi-starter-common/2.0.3/springdoc-openapi-starter-common-2.0.3.jar:/home/parallels/.m2/repository/io/swagger/core/v3/swagger-core-jakarta/2.2.8/swagger-core-jakarta-2.2.8.jar:/home/parallels/.m2/repository/org/apache/commons/commons-lang3/3.12.0/commons-lang3-3.12.0.jar:/home/parallels/.m2/repository/io/swagger/core/v3/swagger-annotations-jakarta/2.2.8/swagger-annotations-jakarta-2.2.8.jar:/home/parallels/.m2/repository/io/swagger/core/v3/swagger-models-jakarta/2.2.8/swagger-models-jakarta-2.2.8.jar:/home/parallels/.m2/repository/jakarta/validation/jakarta.validation-api/3.0.2/jakarta.validation-api-3.0.2.jar:/home/parallels/.m2/repository/com/fasterxml/jackson/dataformat/jackson-dataformat-yaml/2.15.4/jackson-dataformat-yaml-2.15.4.jar:/home/parallels/.m2/repository/org/webjars/swagger-ui/4.17.1/swagger-ui-4.17.1.jar:/home/parallels/.m2/repository/org/webjars/webjars-locator-core/0.52/webjars-locator-core-0.52.jar:/home/parallels/.m2/repository/org/slf4j/slf4j-api/2.0.13/slf4j-api-2.0.13.jar:/home/parallels/.m2/repository/io/github/classgraph/classgraph/4.8.149/classgraph-4.8.149.jar:/home/parallels/.m2/repository/org/springframework/boot/spring-boot-starter-test/3.1.11/spring-boot-starter-test-3.1.11.jar:/home/parallels/.m2/repository/org/springframework/boot/spring-boot-test/3.1.11/spring-boot-test-3.1.11.jar:/home/parallels/.m2/repository/org/springframework/boot/spring-boot-test-autoconfigure/3.1.11/spring-boot-test-autoconfigure-3.1.11.jar:/home/parallels/.m2/repository/com/jayway/jsonpath/json-path/2.9.0/json-path-2.9.0.jar:/home/parallels/.m2/repository/jakarta/xml/bind/jakarta.xml.bind-api/4.0.2/jakarta.xml.bind-api-4.0.2.jar:/home/parallels/.m2/repository/jakarta/activation/jakarta.activation-api/2.1.3/jakarta.activation-api-2.1.3.jar:/home/parallels/.m2/repository/net/minidev/json-smart/2.4.11/json-smart-2.4.11.jar:/home/parallels/.m2/repository/net/minidev/accessors-smart/2.4.11/accessors-smart-2.4.11.jar:/home/parallels/.m2/repository/org/ow2/asm/asm/9.3/asm-9.3.jar:/home/parallels/.m2/repository/org/assertj/assertj-core/3.24.2/assertj-core-3.24.2.jar:/home/parallels/.m2/repository/net/bytebuddy/byte-buddy/1.14.13/byte-buddy-1.14.13.jar:/home/parallels/.m2/repository/org/hamcrest/hamcrest/2.2/hamcrest-2.2.jar:/home/parallels/.m2/repository/org/junit/jupiter/junit-jupiter/5.9.3/junit-jupiter-5.9.3.jar:/home/parallels/.m2/repository/org/junit/jupiter/junit-jupiter-api/5.9.3/junit-jupiter-api-5.9.3.jar:/home/parallels/.m2/repository/org/opentest4j/opentest4j/1.2.0/opentest4j-1.2.0.jar:/home/parallels/.m2/repository/org/junit/platform/junit-platform-commons/1.9.3/junit-platform-commons-1.9.3.jar:/home/parallels/.m2/repository/org/apiguardian/apiguardian-api/1.1.2/apiguardian-api-1.1.2.jar:/home/parallels/.m2/repository/org/junit/jupiter/junit-jupiter-params/5.9.3/junit-jupiter-params-5.9.3.jar:/home/parallels/.m2/repository/org/junit/jupiter/junit-jupiter-engine/5.9.3/junit-jupiter-engine-5.9.3.jar:/home/parallels/.m2/repository/org/junit/platform/junit-platform-engine/1.9.3/junit-platform-engine-1.9.3.jar:/home/parallels/.m2/repository/org/mockito/mockito-core/5.3.1/mockito-core-5.3.1.jar:/home/parallels/.m2/repository/net/bytebuddy/byte-buddy-agent/1.14.13/byte-buddy-agent-1.14.13.jar:/home/parallels/.m2/repository/org/objenesis/objenesis/3.3/objenesis-3.3.jar:/home/parallels/.m2/repository/org/mockito/mockito-junit-jupiter/5.3.1/mockito-junit-jupiter-5.3.1.jar:/home/parallels/.m2/repository/org/skyscreamer/jsonassert/1.5.1/jsonassert-1.5.1.jar:/home/parallels/.m2/repository/com/vaadin/external/google/android-json/0.0.20131108.vaadin1/android-json-0.0.20131108.vaadin1.jar:/home/parallels/.m2/repository/org/springframework/spring-core/6.0.19/spring-core-6.0.19.jar:/home/parallels/.m2/repository/org/springframework/spring-jcl/6.0.19/spring-jcl-6.0.19.jar:/home/parallels/.m2/repository/org/springframework/spring-test/6.0.19/spring-test-6.0.19.jar:/home/parallels/.m2/repository/org/xmlunit/xmlunit-core/2.9.1/xmlunit-core-2.9.1.jar:/home/parallels/.m2/repository/org/postgresql/postgresql/42.6.2/postgresql-42.6.2.jar:/home/parallels/.m2/repository/org/checkerframework/checker-qual/3.31.0/checker-qual-3.31.0.jar:/home/parallels/.m2/repository/org/springframework/boot/spring-boot-starter-data-jpa/3.1.11/spring-boot-starter-data-jpa-3.1.11.jar:/home/parallels/.m2/repository/org/springframework/boot/spring-boot-starter-aop/3.1.11/spring-boot-starter-aop-3.1.11.jar:/home/parallels/.m2/repository/org/aspectj/aspectjweaver/1.9.22/aspectjweaver-1.9.22.jar:/home/parallels/.m2/repository/org/springframework/boot/spring-boot-starter-jdbc/3.1.11/spring-boot-starter-jdbc-3.1.11.jar:/home/parallels/.m2/repository/com/zaxxer/HikariCP/5.0.1/HikariCP-5.0.1.jar:/home/parallels/.m2/repository/org/springframework/spring-jdbc/6.0.19/spring-jdbc-6.0.19.jar:/home/parallels/.m2/repository/org/hibernate/orm/hibernate-core/6.2.24.Final/hibernate-core-6.2.24.Final.jar:/home/parallels/.m2/repository/jakarta/persistence/jakarta.persistence-api/3.1.0/jakarta.persistence-api-3.1.0.jar:/home/parallels/.m2/repository/jakarta/transaction/jakarta.transaction-api/2.0.1/jakarta.transaction-api-2.0.1.jar:/home/parallels/.m2/repository/org/jboss/logging/jboss-logging/3.5.3.Final/jboss-logging-3.5.3.Final.jar:/home/parallels/.m2/repository/org/hibernate/common/hibernate-commons-annotations/6.0.6.Final/hibernate-commons-annotations-6.0.6.Final.jar:/home/parallels/.m2/repository/io/smallrye/jandex/3.0.5/jandex-3.0.5.jar:/home/parallels/.m2/repository/com/fasterxml/classmate/1.5.1/classmate-1.5.1.jar:/home/parallels/.m2/repository/org/glassfish/jaxb/jaxb-runtime/4.0.5/jaxb-runtime-4.0.5.jar:/home/parallels/.m2/repository/org/glassfish/jaxb/jaxb-core/4.0.5/jaxb-core-4.0.5.jar:/home/parallels/.m2/repository/org/eclipse/angus/angus-activation/2.0.2/angus-activation-2.0.2.jar:/home/parallels/.m2/repository/org/glassfish/jaxb/txw2/4.0.5/txw2-4.0.5.jar:/home/parallels/.m2/repository/com/sun/istack/istack-commons-runtime/4.1.2/istack-commons-runtime-4.1.2.jar:/home/parallels/.m2/repository/jakarta/inject/jakarta.inject-api/2.0.1/jakarta.inject-api-2.0.1.jar:/home/parallels/.m2/repository/org/antlr/antlr4-runtime/4.10.1/antlr4-runtime-4.10.1.jar:/home/parallels/.m2/repository/org/springframework/data/spring-data-jpa/3.1.11/spring-data-jpa-3.1.11.jar:/home/parallels/.m2/repository/org/springframework/data/spring-data-commons/3.1.11/spring-data-commons-3.1.11.jar:/home/parallels/.m2/repository/org/springframework/spring-orm/6.0.19/spring-orm-6.0.19.jar:/home/parallels/.m2/repository/org/springframework/spring-tx/6.0.19/spring-tx-6.0.19.jar:/home/parallels/.m2/repository/org/springframework/spring-aspects/6.0.19/spring-aspects-6.0.19.jar:/home/parallels/.m2/repository/org/json/json/20240303/json-20240303.jar:"/>
    <property name="sun.cpu.endian" value="little"/>
    <property name="user.home" value="/home/parallels"/>
    <property name="user.language" value="en"/>
    <property name="java.specification.vendor" value="Oracle Corporation"/>
    <property name="java.version.date" value="2024-04-16"/>
    <property name="java.home" value="/usr/lib/jvm/java-21-openjdk-arm64"/>
    <property name="file.separator" value="/"/>
    <property name="basedir" value="/home/parallels/IdeaProjects/SpringWS"/>
    <property name="java.vm.compressedOopsMode" value="32-bit"/>
    <property name="line.separator" value="&#10;"/>
    <property name="java.specification.name" value="Java Platform API Specification"/>
    <property name="java.vm.specification.vendor" value="Oracle Corporation"/>
    <property name="FILE_LOG_CHARSET" value="UTF-8"/>
    <property name="java.awt.headless" value="true"/>
    <property name="surefire.real.class.path" value="/home/parallels/IdeaProjects/SpringWS/target/surefire/surefirebooter-20240612122616946_3.jar"/>
    <property name="sun.management.compiler" value="HotSpot 64-Bit Tiered Compilers"/>
    <property name="java.runtime.version" value="21.0.3+9-Ubuntu-1ubuntu122.04.1"/>
    <property name="user.name" value="parallels"/>
    <property name="stdout.encoding" value="UTF-8"/>
    <property name="path.separator" value=":"/>
    <property name="os.version" value="5.15.0-112-generic"/>
    <property name="java.runtime.name" value="OpenJDK Runtime Environment"/>
    <property name="file.encoding" value="UTF-8"/>
    <property name="java.vm.name" value="OpenJDK 64-Bit Server VM"/>
    <property name="maven.ext.class.path" value="/usr/lib/apache-netbeans/java/maven-nblib/netbeans-eventspy.jar"/>
    <property name="localRepository" value="/home/parallels/.m2/repository"/>
    <property name="java.vendor.url.bug" value="https://bugs.launchpad.net/ubuntu/+source/openjdk-21"/>
    <property name="java.io.tmpdir" value="/tmp"/>
    <property name="com.zaxxer.hikari.pool_number" value="1"/>
    <property name="java.version" value="21.0.3"/>
    <property name="user.dir" value="/home/parallels/IdeaProjects/SpringWS"/>
    <property name="os.arch" value="aarch64"/>
    <property name="java.vm.specification.name" value="Java Virtual Machine Specification"/>
    <property name="PID" value="164111"/>
    <property name="CONSOLE_LOG_CHARSET" value="UTF-8"/>
    <property name="native.encoding" value="UTF-8"/>
    <property name="java.library.path" value="/usr/java/packages/lib:/usr/lib/aarch64-linux-gnu/jni:/lib/aarch64-linux-gnu:/usr/lib/aarch64-linux-gnu:/usr/lib/jni:/lib:/usr/lib"/>
    <property name="stderr.encoding" value="UTF-8"/>
    <property name="java.vm.info" value="mixed mode, sharing"/>
    <property name="java.vendor" value="Ubuntu"/>
    <property name="java.vm.version" value="21.0.3+9-Ubuntu-1ubuntu122.04.1"/>
    <property name="sun.io.unicode.encoding" value="UnicodeLittle"/>
    <property name="java.class.version" value="65.0"/>
  </properties>
  <testcase name="contextLoads" classname="com.ega.SpringWS.SpringWsApplicationTests" time="0.32">
    <system-out><![CDATA[12:26:17.331 [main] INFO org.springframework.test.context.support.AnnotationConfigContextLoaderUtils -- Could not detect default configuration classes for test class [com.ega.SpringWS.SpringWsApplicationTests]: SpringWsApplicationTests does not declare any static, non-private, non-final, nested classes annotated with @Configuration.
12:26:17.364 [main] INFO org.springframework.boot.test.context.SpringBootTestContextBootstrapper -- Found @SpringBootConfiguration com.ega.SpringWS.SpringWsApplication for test class com.ega.SpringWS.SpringWsApplicationTests

  .   ____          _            __ _ _
 /\\ / ___'_ __ _ _(_)_ __  __ _ \ \ \ \
( ( )\___ | '_ | '_| | '_ \/ _` | \ \ \ \
 \\/  ___)| |_)| | | | | || (_| |  ) ) ) )
  '  |____| .__|_| |_|_| |_\__, | / / / /
 =========|_|==============|___/=/_/_/_/
 :: Spring Boot ::               (v3.1.11)

2024-06-12T12:26:17.594+02:00  WARN 164111 --- [           main] ory$DuplicateJsonObjectContextCustomizer : 

Found multiple occurrences of org.json.JSONObject on the class path:

	jar:file:/home/parallels/.m2/repository/com/vaadin/external/google/android-json/0.0.20131108.vaadin1/android-json-0.0.20131108.vaadin1.jar!/org/json/JSONObject.class
	jar:file:/home/parallels/.m2/repository/org/json/json/20240303/json-20240303.jar!/org/json/JSONObject.class

You may wish to exclude one of them to ensure predictable runtime behavior

2024-06-12T12:26:17.608+02:00  INFO 164111 --- [           main] c.ega.SpringWS.SpringWsApplicationTests  : Starting SpringWsApplicationTests using Java 21.0.3 with PID 164111 (started by parallels in /home/parallels/IdeaProjects/SpringWS)
2024-06-12T12:26:17.608+02:00  INFO 164111 --- [           main] c.ega.SpringWS.SpringWsApplicationTests  : No active profile set, falling back to 1 default profile: "default"
2024-06-12T12:26:18.035+02:00  INFO 164111 --- [           main] .s.d.r.c.RepositoryConfigurationDelegate : Bootstrapping Spring Data JPA repositories in DEFAULT mode.
2024-06-12T12:26:18.066+02:00  INFO 164111 --- [           main] .s.d.r.c.RepositoryConfigurationDelegate : Finished Spring Data repository scanning in 27 ms. Found 1 JPA repository interface.
2024-06-12T12:26:18.286+02:00  INFO 164111 --- [           main] o.hibernate.jpa.internal.util.LogHelper  : HHH000204: Processing PersistenceUnitInfo [name: default]
2024-06-12T12:26:18.319+02:00  INFO 164111 --- [           main] org.hibernate.Version                    : HHH000412: Hibernate ORM core version 6.2.24.Final
2024-06-12T12:26:18.320+02:00  INFO 164111 --- [           main] org.hibernate.cfg.Environment            : HHH000406: Using bytecode reflection optimizer
2024-06-12T12:26:18.494+02:00  INFO 164111 --- [           main] o.s.o.j.p.SpringPersistenceUnitInfo      : No LoadTimeWeaver setup: ignoring JPA class transformer
2024-06-12T12:26:18.504+02:00  INFO 164111 --- [           main] com.zaxxer.hikari.HikariDataSource       : HikariPool-1 - Starting...
2024-06-12T12:26:18.725+02:00  INFO 164111 --- [           main] com.zaxxer.hikari.pool.HikariPool        : HikariPool-1 - Added connection org.postgresql.jdbc.PgConnection@352f6727
2024-06-12T12:26:18.726+02:00  INFO 164111 --- [           main] com.zaxxer.hikari.HikariDataSource       : HikariPool-1 - Start completed.
2024-06-12T12:26:18.741+02:00  WARN 164111 --- [           main] org.hibernate.orm.deprecation            : HHH90000025: PostgreSQLDialect does not need to be specified explicitly using 'hibernate.dialect' (remove the property setting and it will be selected by default)
2024-06-12T12:26:19.180+02:00  INFO 164111 --- [           main] o.h.e.t.j.p.i.JtaPlatformInitiator       : HHH000489: No JTA platform available (set 'hibernate.transaction.jta.platform' to enable JTA platform integration)
2024-06-12T12:26:19.193+02:00  INFO 164111 --- [           main] j.LocalContainerEntityManagerFactoryBean : Initialized JPA EntityManagerFactory for persistence unit 'default'
2024-06-12T12:26:19.305+02:00  INFO 164111 --- [           main] o.s.d.j.r.query.QueryEnhancerFactory     : Hibernate is in classpath; If applicable, HQL parser will be used.
2024-06-12T12:26:19.606+02:00  WARN 164111 --- [           main] JpaBaseConfiguration$JpaWebConfiguration : spring.jpa.open-in-view is enabled by default. Therefore, database queries may be performed during view rendering. Explicitly configure spring.jpa.open-in-view to disable this warning
2024-06-12T12:26:19.668+02:00  INFO 164111 --- [           main] o.s.b.a.w.s.WelcomePageHandlerMapping    : Adding welcome page: class path resource [static/index.html]
2024-06-12T12:26:20.270+02:00  INFO 164111 --- [           main] c.ega.SpringWS.SpringWsApplicationTests  : Started SpringWsApplicationTests in 2.863 seconds (process running for 3.269)
]]></system-out>
    <system-err><![CDATA[WARNING: A Java agent has been loaded dynamically (/home/parallels/.m2/repository/net/bytebuddy/byte-buddy-agent/1.14.13/byte-buddy-agent-1.14.13.jar)
WARNING: If a serviceability tool is in use, please run with -XX:+EnableDynamicAgentLoading to hide this warning
WARNING: If a serviceability tool is not in use, please run with -Djdk.instrument.traceUsage for more information
WARNING: Dynamic loading of agents will be disallowed by default in a future release
]]></system-err>
  </testcase>
</testsuite>